0 info it worked if it ends with ok
1 verbose cli [ '/home/ubuntu/.nvm/versions/node/v4.5.0/bin/node',
1 verbose cli   '/home/ubuntu/.nvm/versions/node/v4.5.0/bin/npm',
1 verbose cli   'version',
1 verbose cli   'patch' ]
2 info using npm@2.15.9
3 info using node@v4.5.0
4 error version No valid package.json found
5 verbose stack SyntaxError: Unexpected end of input
5 verbose stack     at Object.parse (native)
5 verbose stack     at /home/ubuntu/.nvm/versions/node/v4.5.0/lib/node_modules/npm/lib/version.js:35:19
5 verbose stack     at /home/ubuntu/.nvm/versions/node/v4.5.0/lib/node_modules/npm/node_modules/graceful-fs/graceful-fs.js:78:16
5 verbose stack     at FSReqWrap.readFileAfterClose [as oncomplete] (fs.js:380:3)
6 verbose cwd /home/ubuntu/workspace/mio
7 error Linux 4.2.0-c9
8 error argv "/home/ubuntu/.nvm/versions/node/v4.5.0/bin/node" "/home/ubuntu/.nvm/versions/node/v4.5.0/bin/npm" "version" "patch"
9 error node v4.5.0
10 error npm  v2.15.9
11 error Unexpected end of input
12 error If you need help, you may report this error at:
12 error     <https://github.com/npm/npm/issues>
13 verbose exit [ 1, true ]
